<?xml version="1.0" encoding="UTF-8"?>
<testsuite xmlns:xsi="http://www.w3.org/2001/XMLSchema-instance" xsi:noNamespaceSchemaLocation="https://maven.apache.org/surefire/maven-surefire-plugin/xsd/surefire-test-report.xsd" name="com.nowcode.mavendemo1.AppTest" time="0.025" tests="1" errors="0" skipped="0" failures="0">
  <properties>
    <property name="sun.desktop" value="windows"/>
    <property name="awt.toolkit" value="sun.awt.windows.WToolkit"/>
    <property name="file.encoding.pkg" value="sun.io"/>
    <property name="java.specification.version" value="1.8"/>
    <property name="sun.cpu.isalist" value="amd64"/>
    <property name="sun.jnu.encoding" value="GBK"/>
    <property name="java.class.path" value="E:\java\workspace\mavendemo1\target\test-classes;E:\java\workspace\mavendemo1\target\classes;C:\Users\MSI\.m2\repository\junit\junit\4.11\junit-4.11.jar;C:\Users\MSI\.m2\repository\org\hamcrest\hamcrest-core\1.3\hamcrest-core-1.3.jar;"/>
    <property name="java.vm.vendor" value="Oracle Corporation"/>
    <property name="sun.arch.data.model" value="64"/>
    <property name="user.variant" value=""/>
    <property name="java.vendor.url" value="http://java.oracle.com/"/>
    <property name="user.timezone" value="Asia/Shanghai"/>
    <property name="java.vm.specification.version" value="1.8"/>
    <property name="os.name" value="Windows 10"/>
    <property name="user.country" value="CN"/>
    <property name="sun.java.launcher" value="SUN_STANDARD"/>
    <property name="sun.boot.library.path" value="E:\java\jdk1.8.0_333\jre\bin"/>
    <property name="sun.java.command" value="C:\Users\MSI\AppData\Local\Temp\surefire3864685179488207787\surefirebooter7395289568374609154.jar C:\Users\MSI\AppData\Local\Temp\surefire3864685179488207787 2022-06-03T20-47-59_387-jvmRun1 surefire790225160288695210tmp surefire_08933781862386299110tmp"/>
    <property name="surefire.test.class.path" value="E:\java\workspace\mavendemo1\target\test-classes;E:\java\workspace\mavendemo1\target\classes;C:\Users\MSI\.m2\repository\junit\junit\4.11\junit-4.11.jar;C:\Users\MSI\.m2\repository\org\hamcrest\hamcrest-core\1.3\hamcrest-core-1.3.jar;"/>
    <property name="sun.cpu.endian" value="little"/>
    <property name="user.home" value="C:\Users\MSI"/>
    <property name="user.language" value="zh"/>
    <property name="java.specification.vendor" value="Oracle Corporation"/>
    <property name="java.home" value="E:\java\jdk1.8.0_333\jre"/>
    <property name="basedir" value="E:\java\workspace\mavendemo1"/>
    <property name="file.separator" value="\"/>
    <property name="line.separator" value="&#10;"/>
    <property name="java.vm.specification.vendor" value="Oracle Corporation"/>
    <property name="java.specification.name" value="Java Platform API Specification"/>
    <property name="java.awt.graphicsenv" value="sun.awt.Win32GraphicsEnvironment"/>
    <property name="surefire.real.class.path" value="C:\Users\MSI\AppData\Local\Temp\surefire3864685179488207787\surefirebooter7395289568374609154.jar"/>
    <property name="sun.boot.class.path" value="E:\java\jdk1.8.0_333\jre\lib\resources.jar;E:\java\jdk1.8.0_333\jre\lib\rt.jar;E:\java\jdk1.8.0_333\jre\lib\sunrsasign.jar;E:\java\jdk1.8.0_333\jre\lib\jsse.jar;E:\java\jdk1.8.0_333\jre\lib\jce.jar;E:\java\jdk1.8.0_333\jre\lib\charsets.jar;E:\java\jdk1.8.0_333\jre\lib\jfr.jar;E:\java\jdk1.8.0_333\jre\classes"/>
    <property name="user.script" value=""/>
    <property name="sun.management.compiler" value="HotSpot 64-Bit Tiered Compilers"/>
    <property name="java.runtime.version" value="1.8.0_333-b02"/>
    <property name="user.name" value="MSI"/>
    <property name="path.separator" value=";"/>
    <property name="os.version" value="10.0"/>
    <property name="java.endorsed.dirs" value="E:\java\jdk1.8.0_333\jre\lib\endorsed"/>
    <property name="java.runtime.name" value="Java(TM) SE Runtime Environment"/>
    <property name="file.encoding" value="GBK"/>
    <property name="java.vm.name" value="Java HotSpot(TM) 64-Bit Server VM"/>
    <property name="localRepository" value="C:\Users\MSI\.m2\repository"/>
    <property name="java.vendor.url.bug" value="http://bugreport.sun.com/bugreport/"/>
    <property name="java.io.tmpdir" value="C:\Users\MSI\AppData\Local\Temp\"/>
    <property name="java.version" value="1.8.0_333"/>
    <property name="user.dir" value="E:\java\workspace\mavendemo1"/>
    <property name="os.arch" value="amd64"/>
    <property name="java.vm.specification.name" value="Java Virtual Machine Specification"/>
    <property name="java.awt.printerjob" value="sun.awt.windows.WPrinterJob"/>
    <property name="sun.os.patch.level" value=""/>
    <property name="java.library.path" value="E:\java\jdk1.8.0_333\jre\bin;C:\Windows\Sun\Java\bin;C:\Windows\system32;C:\Windows;C:\Program Files (x86)\Common Files\Oracle\Java\javapath;C:\Windows\system32;C:\Windows;C:\Windows\System32\Wbem;C:\Windows\System32\WindowsPowerShell\v1.0\;C:\Windows\System32\OpenSSH\;C:\Program Files\PowerShell\7\;E:\software\MATLAB\R2018b\runtime\win64;E:\software\MATLAB\R2018b\bin;C:\Program Files\Git\cmd;C:\Program Files\nodejs\;E:\java\apache-maven-3.8.5\bin;E:\java\jdk1.8.0_333\bin;E:\software\Anaconda3;E:\software\Anaconda3\Library\mingw-w64\bin;E:\software\Anaconda3\Library\usr\bin;E:\software\Anaconda3\Library\bin;E:\software\Anaconda3\Scripts;C:\Users\MSI\AppData\Local\Microsoft\WindowsApps;E:\software\texlive\texlive\2020\bin\win32;E:\software\PyCharm\PyCharm Community Edition 2020.1.2\bin;;C:\Users\MSI\AppData\Local\Programs\Microsoft VS Code\bin;E:\nodejs\node_global;;E:\java\IntelliJ IDEA Community Edition 2022.1.2\bin;;."/>
    <property name="java.vm.info" value="mixed mode"/>
    <property name="java.vendor" value="Oracle Corporation"/>
    <property name="java.vm.version" value="25.333-b02"/>
    <property name="java.ext.dirs" value="E:\java\jdk1.8.0_333\jre\lib\ext;C:\Windows\Sun\Java\lib\ext"/>
    <property name="sun.io.unicode.encoding" value="UnicodeLittle"/>
    <property name="java.class.version" value="52.0"/>
  </properties>
  <testcase name="shouldAnswerWithTrue" classname="com.nowcode.mavendemo1.AppTest" time="0.001"/>
</testsuite>